<?xml version="1.0" encoding="UTF-8"?>
<?xml-stylesheet type="text/xsl" href="ivy-report.xsl"?>
<ivy-report version="1.0">
	<info
		organisation="lab2"
		module="lab2_2.9.1"
		revision="1.0"
		conf="test"
		confs="compile, runtime, test, provided, optional, compile-internal, runtime-internal, test-internal, plugin, sources, docs, pom"
		date="20130215145356"/>
	<dependencies>
		<module organisation="org.scalatest" name="scalatest_2.9.1">
			<revision name="1.6.1" status="release" pubdate="20110831091259" resolver="public" artresolver="public" homepage="http://www.scalatest.org" downloaded="false" searched="false" default="false" conf="default(compile), default, compile, runtime, master" position="1">
				<license name="the Apache License, ASL Version 2.0" url="http://www.apache.org/licenses/LICENSE-2.0"/>
				<metadata-artifact status="no" details="" size="4276" time="0" location="/Users/Jacob/.ivy2/cache/org.scalatest/scalatest_2.9.1/ivy-1.6.1.xml" searched="false" origin-is-local="false" origin-location="http://repo1.maven.org/maven2/org/scalatest/scalatest_2.9.1/1.6.1/scalatest_2.9.1-1.6.1.pom"/>
				<caller organisation="lab2" name="lab2_2.9.1" conf="test, compile, runtime" rev="1.6.1" rev-constraint-default="1.6.1" rev-constraint-dynamic="1.6.1" callerrev="1.0"/>
				<artifacts>
					<artifact name="scalatest_2.9.1" type="jar" ext="jar" status="no" details="" size="2704854" time="0" location="/Users/Jacob/.ivy2/cache/org.scalatest/scalatest_2.9.1/jars/scalatest_2.9.1-1.6.1.jar">
						<origin-location is-local="false" location="http://repo1.maven.org/maven2/org/scalatest/scalatest_2.9.1/1.6.1/scalatest_2.9.1-1.6.1.jar"/>
					</artifact>
				</artifacts>
			</revision>
		</module>
		<module organisation="org.scala-lang" name="scala-library">
			<revision name="2.9.1" status="release" pubdate="20110831023953" resolver="sbt-chain" artresolver="sbt-chain" homepage="http://www.scala-lang.org/" downloaded="false" searched="false" default="false" conf="default(compile), default, compile, master(*), compile(*), runtime, runtime(*), master" position="0">
				<license name="BSD-like" url="http://www.scala-lang.org/downloads/license.html          "/>
				<metadata-artifact status="no" details="" size="2322" time="0" location="/Users/Jacob/.ivy2/cache/org.scala-lang/scala-library/ivy-2.9.1.xml" searched="false" origin-is-local="false" origin-location="http://repo1.maven.org/maven2/org/scala-lang/scala-library/2.9.1/scala-library-2.9.1.pom"/>
				<caller organisation="org.scalatest" name="scalatest_2.9.1" conf="default, compile, runtime, master" rev="2.9.1" rev-constraint-default="2.9.1" rev-constraint-dynamic="2.9.1" callerrev="1.6.1"/>
				<caller organisation="lab2" name="lab2_2.9.1" conf="test, compile, runtime" rev="2.9.1" rev-constraint-default="2.9.1" rev-constraint-dynamic="2.9.1" callerrev="1.0"/>
				<artifacts>
				</artifacts>
			</revision>
		</module>
	</dependencies>
</ivy-report>
